2023-09-01T22:47:39.480+03:00  INFO 23416 --- [restartedMain] i.TechCareerFullStackToDoListApplication : Starting TechCareerFullStackToDoListApplication using Java 17.0.8 with PID 23416 (C:\Users\ABRA\Documents\GitHub\techcareer-final-project-todo-list\target\classes started by ABRA in C:\Users\ABRA\Documents\GitHub\techcareer-final-project-todo-list)
2023-09-01T22:47:39.483+03:00  INFO 23416 --- [restartedMain] i.TechCareerFullStackToDoListApplication : The following 1 profile is active: "frontend"
2023-09-01T22:47:39.538+03:00  INFO 23416 --- [restartedMain] .e.DevToolsPropertyDefaultsPostProcessor : Devtools property defaults active! Set 'spring.devtools.add-properties' to 'false' to disable
2023-09-01T22:47:39.538+03:00  INFO 23416 --- [restartedMain] .e.DevToolsPropertyDefaultsPostProcessor : For additional web related logging consider setting the 'logging.level.web' property to 'DEBUG'
2023-09-01T22:47:40.936+03:00  INFO 23416 --- [restartedMain] .s.d.r.c.RepositoryConfigurationDelegate : Bootstrapping Spring Data JPA repositories in DEFAULT mode.
2023-09-01T22:47:41.011+03:00  INFO 23416 --- [restartedMain] .s.d.r.c.RepositoryConfigurationDelegate : Finished Spring Data repository scanning in 64 ms. Found 1 JPA repository interfaces.
2023-09-01T22:47:41.756+03:00  INFO 23416 --- [restartedMain] o.s.b.w.embedded.tomcat.TomcatWebServer  : Tomcat initialized with port(s): 4444 (http)
2023-09-01T22:47:41.768+03:00  INFO 23416 --- [restartedMain] o.apache.catalina.core.StandardService   : Starting service [Tomcat]
2023-09-01T22:47:41.769+03:00  INFO 23416 --- [restartedMain] o.apache.catalina.core.StandardEngine    : Starting Servlet engine: [Apache Tomcat/10.1.12]
2023-09-01T22:47:41.866+03:00  INFO 23416 --- [restartedMain] o.a.c.c.C.[Tomcat].[localhost].[/]       : Initializing Spring embedded WebApplicationContext
2023-09-01T22:47:41.867+03:00  INFO 23416 --- [restartedMain] w.s.c.ServletWebServerApplicationContext : Root WebApplicationContext: initialization completed in 2328 ms
2023-09-01T22:47:42.010+03:00  INFO 23416 --- [restartedMain] com.zaxxer.hikari.HikariDataSource       : HikariPool-1 - Starting...
2023-09-01T22:47:42.297+03:00  INFO 23416 --- [restartedMain] com.zaxxer.hikari.pool.HikariPool        : HikariPool-1 - Added connection conn0: url=jdbc:h2:file:./memory_persist/finalproject user=SA
2023-09-01T22:47:42.299+03:00  INFO 23416 --- [restartedMain] com.zaxxer.hikari.HikariDataSource       : HikariPool-1 - Start completed.
2023-09-01T22:47:42.316+03:00  INFO 23416 --- [restartedMain] o.s.b.a.h2.H2ConsoleAutoConfiguration    : H2 console available at '/h2-console'. Database available at 'jdbc:h2:file:./memory_persist/finalproject'
2023-09-01T22:47:42.402+03:00 DEBUG 23416 --- [restartedMain] o.s.w.f.ServerHttpObservationFilter      : Filter 'webMvcObservationFilter' configured for use
2023-09-01T22:47:42.403+03:00 DEBUG 23416 --- [restartedMain] o.s.w.s.r.ResourceUrlEncodingFilter      : Filter 'resourceUrlEncodingFilter' configured for use
2023-09-01T22:47:42.943+03:00  INFO 23416 --- [restartedMain] o.s.o.j.p.SpringPersistenceUnitInfo      : No LoadTimeWeaver setup: ignoring JPA class transformer
2023-09-01T22:47:44.045+03:00  INFO 23416 --- [restartedMain] j.LocalContainerEntityManagerFactoryBean : Initialized JPA EntityManagerFactory for persistence unit 'default'
2023-09-01T22:47:44.651+03:00  WARN 23416 --- [restartedMain] JpaBaseConfiguration$JpaWebConfiguration : spring.jpa.open-in-view is enabled by default. Therefore, database queries may be performed during view rendering. Explicitly configure spring.jpa.open-in-view to disable this warning
2023-09-01T22:47:44.774+03:00 DEBUG 23416 --- [restartedMain] s.w.s.m.m.a.RequestMappingHandlerAdapter : ControllerAdvice beans: 0 @ModelAttribute, 0 @InitBinder, 1 RequestBodyAdvice, 1 ResponseBodyAdvice
2023-09-01T22:47:44.838+03:00  INFO 23416 --- [restartedMain] o.s.b.a.w.s.WelcomePageHandlerMapping    : Adding welcome page template: index
2023-09-01T22:47:44.935+03:00 DEBUG 23416 --- [restartedMain] s.w.s.m.m.a.RequestMappingHandlerMapping : 15 mappings in 'requestMappingHandlerMapping'
2023-09-01T22:47:45.599+03:00 DEBUG 23416 --- [restartedMain] o.s.w.s.handler.SimpleUrlHandlerMapping  : Patterns [/webjars/**, /**, /swagger-ui*/*swagger-initializer.js, /swagger-ui*/**] in 'resourceHandlerMapping'
2023-09-01T22:47:45.608+03:00 DEBUG 23416 --- [restartedMain] .m.m.a.ExceptionHandlerExceptionResolver : ControllerAdvice beans: 1 @ExceptionHandler, 1 ResponseBodyAdvice
2023-09-01T22:47:46.045+03:00  INFO 23416 --- [restartedMain] o.s.b.d.a.OptionalLiveReloadServer       : LiveReload server is running on port 35729
2023-09-01T22:47:46.050+03:00  INFO 23416 --- [restartedMain] o.s.b.a.e.web.EndpointLinksResolver      : Exposing 1 endpoint(s) beneath base path '/actuator'
2023-09-01T22:47:46.147+03:00  INFO 23416 --- [restartedMain] o.s.b.w.embedded.tomcat.TomcatWebServer  : Tomcat started on port(s): 4444 (http) with context path ''
2023-09-01T22:47:46.166+03:00  INFO 23416 --- [restartedMain] i.TechCareerFullStackToDoListApplication : Started TechCareerFullStackToDoListApplication in 7.331 seconds (process running for 8.293)
2023-09-01T22:47:46.904+03:00  INFO 23416 --- [RMI TCP Connection(3)-192.168.1.31] o.a.c.c.C.[Tomcat].[localhost].[/]       : Initializing Spring DispatcherServlet 'dispatcherServlet'
2023-09-01T22:47:46.904+03:00  INFO 23416 --- [RMI TCP Connection(3)-192.168.1.31] o.s.web.servlet.DispatcherServlet        : Initializing Servlet 'dispatcherServlet'
2023-09-01T22:47:46.904+03:00 DEBUG 23416 --- [RMI TCP Connection(3)-192.168.1.31] o.s.web.servlet.DispatcherServlet        : Detected StandardServletMultipartResolver
2023-09-01T22:47:46.905+03:00 DEBUG 23416 --- [RMI TCP Connection(3)-192.168.1.31] o.s.web.servlet.DispatcherServlet        : Detected AcceptHeaderLocaleResolver
2023-09-01T22:47:46.905+03:00 DEBUG 23416 --- [RMI TCP Connection(3)-192.168.1.31] o.s.web.servlet.DispatcherServlet        : Detected FixedThemeResolver
2023-09-01T22:47:46.906+03:00 DEBUG 23416 --- [RMI TCP Connection(3)-192.168.1.31] o.s.web.servlet.DispatcherServlet        : Detected org.springframework.web.servlet.view.DefaultRequestToViewNameTranslator@5e811952
2023-09-01T22:47:46.907+03:00 DEBUG 23416 --- [RMI TCP Connection(3)-192.168.1.31] o.s.web.servlet.DispatcherServlet        : Detected org.springframework.web.servlet.support.SessionFlashMapManager@5dd85801
2023-09-01T22:47:46.908+03:00 DEBUG 23416 --- [RMI TCP Connection(3)-192.168.1.31] o.s.web.servlet.DispatcherServlet        : enableLoggingRequestDetails='false': request parameters and headers will be masked to prevent unsafe logging of potentially sensitive data
2023-09-01T22:47:46.910+03:00  INFO 23416 --- [RMI TCP Connection(3)-192.168.1.31] o.s.web.servlet.DispatcherServlet        : Completed initialization in 6 ms
2023-09-01T22:47:56.211+03:00  INFO 23416 --- [File Watcher] rtingClassPathChangeChangedEventListener : Restarting due to 20 class path changes (0 additions, 19 deletions, 1 modification)
2023-09-01T22:47:56.250+03:00  INFO 23416 --- [Thread-6] o.apache.catalina.core.StandardService   : Stopping service [Tomcat]
2023-09-01T22:47:56.252+03:00  INFO 23416 --- [Thread-6] o.a.c.c.C.[Tomcat].[localhost].[/]       : Destroying Spring FrameworkServlet 'dispatcherServlet'
2023-09-01T22:47:56.269+03:00  INFO 23416 --- [Thread-6] j.LocalContainerEntityManagerFactoryBean : Closing JPA EntityManagerFactory for persistence unit 'default'
2023-09-01T22:47:56.274+03:00  INFO 23416 --- [Thread-6] com.zaxxer.hikari.HikariDataSource       : HikariPool-1 - Shutdown initiated...
2023-09-01T22:47:56.295+03:00  INFO 23416 --- [Thread-6] com.zaxxer.hikari.HikariDataSource       : HikariPool-1 - Shutdown completed.
2023-09-02T01:17:56.521+05:30  INFO 23416 --- [restartedMain] i.TechCareerFullStackToDoListApplication : Starting TechCareerFullStackToDoListApplication using Java 17.0.8 with PID 23416 (C:\Users\ABRA\Documents\GitHub\techcareer-final-project-todo-list\target\classes started by ABRA in C:\Users\ABRA\Documents\GitHub\techcareer-final-project-todo-list)
2023-09-02T01:17:56.523+05:30  INFO 23416 --- [restartedMain] i.TechCareerFullStackToDoListApplication : The following 1 profile is active: "frontend"
2023-09-02T01:17:57.215+05:30  INFO 23416 --- [restartedMain] .s.d.r.c.RepositoryConfigurationDelegate : Bootstrapping Spring Data JPA repositories in DEFAULT mode.
2023-09-02T01:17:57.216+05:30  INFO 23416 --- [restartedMain] .s.d.r.c.RepositoryConfigurationDelegate : Finished Spring Data repository scanning in 0 ms. Found 0 JPA repository interfaces.
2023-09-02T01:17:57.344+05:30  INFO 23416 --- [restartedMain] o.s.b.w.embedded.tomcat.TomcatWebServer  : Tomcat initialized with port(s): 4444 (http)
2023-09-02T01:17:57.344+05:30  INFO 23416 --- [restartedMain] o.apache.catalina.core.StandardService   : Starting service [Tomcat]
2023-09-02T01:17:57.344+05:30  INFO 23416 --- [restartedMain] o.apache.catalina.core.StandardEngine    : Starting Servlet engine: [Apache Tomcat/10.1.12]
2023-09-02T01:17:57.372+05:30  INFO 23416 --- [restartedMain] o.a.c.c.C.[Tomcat].[localhost].[/]       : Initializing Spring embedded WebApplicationContext
2023-09-02T01:17:57.372+05:30  INFO 23416 --- [restartedMain] w.s.c.ServletWebServerApplicationContext : Root WebApplicationContext: initialization completed in 846 ms
2023-09-02T01:17:57.408+05:30  INFO 23416 --- [restartedMain] com.zaxxer.hikari.HikariDataSource       : HikariPool-2 - Starting...
2023-09-02T01:17:57.434+05:30  INFO 23416 --- [restartedMain] com.zaxxer.hikari.pool.HikariPool        : HikariPool-2 - Added connection conn10: url=jdbc:h2:file:./memory_persist/finalproject user=SA
2023-09-02T01:17:57.434+05:30  INFO 23416 --- [restartedMain] com.zaxxer.hikari.HikariDataSource       : HikariPool-2 - Start completed.
2023-09-02T01:17:57.435+05:30  INFO 23416 --- [restartedMain] o.s.b.a.h2.H2ConsoleAutoConfiguration    : H2 console available at '/h2-console'. Database available at 'jdbc:h2:file:./memory_persist/finalproject'
2023-09-02T01:17:57.501+05:30 DEBUG 23416 --- [restartedMain] o.s.w.f.ServerHttpObservationFilter      : Filter 'webMvcObservationFilter' configured for use
2023-09-02T01:17:57.501+05:30 DEBUG 23416 --- [restartedMain] o.s.w.s.r.ResourceUrlEncodingFilter      : Filter 'resourceUrlEncodingFilter' configured for use
2023-09-02T01:17:57.530+05:30  INFO 23416 --- [restartedMain] o.s.o.j.p.SpringPersistenceUnitInfo      : No LoadTimeWeaver setup: ignoring JPA class transformer
2023-09-02T01:17:57.549+05:30  INFO 23416 --- [restartedMain] j.LocalContainerEntityManagerFactoryBean : Initialized JPA EntityManagerFactory for persistence unit 'default'
2023-09-02T01:17:57.599+05:30  WARN 23416 --- [restartedMain] JpaBaseConfiguration$JpaWebConfiguration : spring.jpa.open-in-view is enabled by default. Therefore, database queries may be performed during view rendering. Explicitly configure spring.jpa.open-in-view to disable this warning
2023-09-02T01:17:57.648+05:30 DEBUG 23416 --- [restartedMain] s.w.s.m.m.a.RequestMappingHandlerAdapter : ControllerAdvice beans: 0 @ModelAttribute, 0 @InitBinder, 1 RequestBodyAdvice, 1 ResponseBodyAdvice
2023-09-02T01:17:57.654+05:30  INFO 23416 --- [restartedMain] o.s.b.a.w.s.WelcomePageHandlerMapping    : Adding welcome page template: index
2023-09-02T01:17:57.691+05:30 DEBUG 23416 --- [restartedMain] s.w.s.m.m.a.RequestMappingHandlerMapping : 6 mappings in 'requestMappingHandlerMapping'
2023-09-02T01:17:58.305+05:30 DEBUG 23416 --- [restartedMain] o.s.w.s.handler.SimpleUrlHandlerMapping  : Patterns [/webjars/**, /**, /swagger-ui*/*swagger-initializer.js, /swagger-ui*/**] in 'resourceHandlerMapping'
2023-09-02T01:17:58.311+05:30 DEBUG 23416 --- [restartedMain] .m.m.a.ExceptionHandlerExceptionResolver : ControllerAdvice beans: 1 @ExceptionHandler, 1 ResponseBodyAdvice
2023-09-02T01:17:58.459+05:30  INFO 23416 --- [restartedMain] o.s.b.d.a.OptionalLiveReloadServer       : LiveReload server is running on port 35729
2023-09-02T01:17:58.463+05:30  INFO 23416 --- [restartedMain] o.s.b.a.e.web.EndpointLinksResolver      : Exposing 1 endpoint(s) beneath base path '/actuator'
2023-09-02T01:17:58.489+05:30  INFO 23416 --- [restartedMain] o.s.b.w.embedded.tomcat.TomcatWebServer  : Tomcat started on port(s): 4444 (http) with context path ''
2023-09-02T01:17:58.501+05:30  INFO 23416 --- [restartedMain] i.TechCareerFullStackToDoListApplication : Started TechCareerFullStackToDoListApplication in 2.125 seconds (process running for 20.628)
2023-09-02T01:17:58.514+05:30  INFO 23416 --- [restartedMain] .ConditionEvaluationDeltaLoggingListener : Condition evaluation delta:


==========================
CONDITION EVALUATION DELTA
==========================


Positive matches:
-----------------

   ErrorMvcAutoConfiguration#basicErrorController matched:
      - @ConditionalOnMissingBean (types: org.springframework.boot.web.servlet.error.ErrorController; SearchStrategy: current) did not find any beans (OnBeanCondition)


Negative matches:
-----------------

    None


Exclusions:
-----------

    None


Unconditional classes:
----------------------

    None



2023-09-02T01:18:01.948+05:30  INFO 23416 --- [File Watcher] rtingClassPathChangeChangedEventListener : Restarting due to 19 class path changes (19 additions, 0 deletions, 0 modifications)
2023-09-02T01:18:01.966+05:30  INFO 23416 --- [Thread-8] o.apache.catalina.core.StandardService   : Stopping service [Tomcat]
2023-09-02T01:18:01.966+05:30  INFO 23416 --- [Thread-8] o.apache.catalina.core.StandardWrapper   : Waiting for [1] instance(s) to be deallocated for Servlet [h2Console]
2023-09-02T01:18:02.073+05:30  INFO 23416 --- [Thread-8] j.LocalContainerEntityManagerFactoryBean : Closing JPA EntityManagerFactory for persistence unit 'default'
2023-09-02T01:18:02.074+05:30  INFO 23416 --- [Thread-8] com.zaxxer.hikari.HikariDataSource       : HikariPool-2 - Shutdown initiated...
2023-09-02T01:18:02.090+05:30  INFO 23416 --- [Thread-8] com.zaxxer.hikari.HikariDataSource       : HikariPool-2 - Shutdown completed.
2023-09-02T01:18:02.194+05:30  INFO 23416 --- [restartedMain] i.TechCareerFullStackToDoListApplication : Starting TechCareerFullStackToDoListApplication using Java 17.0.8 with PID 23416 (C:\Users\ABRA\Documents\GitHub\techcareer-final-project-todo-list\target\classes started by ABRA in C:\Users\ABRA\Documents\GitHub\techcareer-final-project-todo-list)
2023-09-02T01:18:02.194+05:30  INFO 23416 --- [restartedMain] i.TechCareerFullStackToDoListApplication : The following 1 profile is active: "frontend"
2023-09-02T01:18:02.883+05:30  INFO 23416 --- [restartedMain] .s.d.r.c.RepositoryConfigurationDelegate : Bootstrapping Spring Data JPA repositories in DEFAULT mode.
2023-09-02T01:18:02.900+05:30  INFO 23416 --- [restartedMain] .s.d.r.c.RepositoryConfigurationDelegate : Finished Spring Data repository scanning in 17 ms. Found 1 JPA repository interfaces.
2023-09-02T01:18:03.045+05:30  INFO 23416 --- [restartedMain] o.s.b.w.embedded.tomcat.TomcatWebServer  : Tomcat initialized with port(s): 4444 (http)
2023-09-02T01:18:03.045+05:30  INFO 23416 --- [restartedMain] o.apache.catalina.core.StandardService   : Starting service [Tomcat]
2023-09-02T01:18:03.045+05:30  INFO 23416 --- [restartedMain] o.apache.catalina.core.StandardEngine    : Starting Servlet engine: [Apache Tomcat/10.1.12]
2023-09-02T01:18:03.075+05:30  INFO 23416 --- [restartedMain] o.a.c.c.C.[Tomcat].[localhost].[/]       : Initializing Spring embedded WebApplicationContext
2023-09-02T01:18:03.076+05:30  INFO 23416 --- [restartedMain] w.s.c.ServletWebServerApplicationContext : Root WebApplicationContext: initialization completed in 879 ms
2023-09-02T01:18:03.111+05:30  INFO 23416 --- [restartedMain] com.zaxxer.hikari.HikariDataSource       : HikariPool-3 - Starting...
2023-09-02T01:18:03.137+05:30  INFO 23416 --- [restartedMain] com.zaxxer.hikari.pool.HikariPool        : HikariPool-3 - Added connection conn20: url=jdbc:h2:file:./memory_persist/finalproject user=SA
2023-09-02T01:18:03.137+05:30  INFO 23416 --- [restartedMain] com.zaxxer.hikari.HikariDataSource       : HikariPool-3 - Start completed.
2023-09-02T01:18:03.137+05:30  INFO 23416 --- [restartedMain] o.s.b.a.h2.H2ConsoleAutoConfiguration    : H2 console available at '/h2-console'. Database available at 'jdbc:h2:file:./memory_persist/finalproject'
2023-09-02T01:18:03.170+05:30 DEBUG 23416 --- [restartedMain] o.s.w.f.ServerHttpObservationFilter      : Filter 'webMvcObservationFilter' configured for use
2023-09-02T01:18:03.170+05:30 DEBUG 23416 --- [restartedMain] o.s.w.s.r.ResourceUrlEncodingFilter      : Filter 'resourceUrlEncodingFilter' configured for use
2023-09-02T01:18:03.202+05:30  INFO 23416 --- [restartedMain] o.s.o.j.p.SpringPersistenceUnitInfo      : No LoadTimeWeaver setup: ignoring JPA class transformer
2023-09-02T01:18:03.240+05:30  INFO 23416 --- [restartedMain] j.LocalContainerEntityManagerFactoryBean : Initialized JPA EntityManagerFactory for persistence unit 'default'
2023-09-02T01:18:03.352+05:30  WARN 23416 --- [restartedMain] JpaBaseConfiguration$JpaWebConfiguration : spring.jpa.open-in-view is enabled by default. Therefore, database queries may be performed during view rendering. Explicitly configure spring.jpa.open-in-view to disable this warning
2023-09-02T01:18:03.420+05:30 DEBUG 23416 --- [restartedMain] s.w.s.m.m.a.RequestMappingHandlerAdapter : ControllerAdvice beans: 0 @ModelAttribute, 0 @InitBinder, 1 RequestBodyAdvice, 1 ResponseBodyAdvice
2023-09-02T01:18:03.429+05:30  INFO 23416 --- [restartedMain] o.s.b.a.w.s.WelcomePageHandlerMapping    : Adding welcome page template: index
2023-09-02T01:18:03.454+05:30 DEBUG 23416 --- [restartedMain] s.w.s.m.m.a.RequestMappingHandlerMapping : 15 mappings in 'requestMappingHandlerMapping'
2023-09-02T01:18:04.058+05:30 DEBUG 23416 --- [restartedMain] o.s.w.s.handler.SimpleUrlHandlerMapping  : Patterns [/webjars/**, /**, /swagger-ui*/*swagger-initializer.js, /swagger-ui*/**] in 'resourceHandlerMapping'
2023-09-02T01:18:04.063+05:30 DEBUG 23416 --- [restartedMain] .m.m.a.ExceptionHandlerExceptionResolver : ControllerAdvice beans: 1 @ExceptionHandler, 1 ResponseBodyAdvice
2023-09-02T01:18:04.215+05:30  INFO 23416 --- [restartedMain] o.s.b.d.a.OptionalLiveReloadServer       : LiveReload server is running on port 35729
2023-09-02T01:18:04.220+05:30  INFO 23416 --- [restartedMain] o.s.b.a.e.web.EndpointLinksResolver      : Exposing 1 endpoint(s) beneath base path '/actuator'
2023-09-02T01:18:04.252+05:30  INFO 23416 --- [restartedMain] o.s.b.w.embedded.tomcat.TomcatWebServer  : Tomcat started on port(s): 4444 (http) with context path ''
2023-09-02T01:18:04.263+05:30  INFO 23416 --- [restartedMain] i.TechCareerFullStackToDoListApplication : Started TechCareerFullStackToDoListApplication in 2.124 seconds (process running for 26.39)
2023-09-02T01:18:04.267+05:30  INFO 23416 --- [restartedMain] .ConditionEvaluationDeltaLoggingListener : Condition evaluation delta:


==========================
CONDITION EVALUATION DELTA
==========================


Positive matches:
-----------------

    None


Negative matches:
-----------------

   ErrorMvcAutoConfiguration#basicErrorController:
      Did not match:
         - @ConditionalOnMissingBean (types: org.springframework.boot.web.servlet.error.ErrorController; SearchStrategy: current) found beans of type 'org.springframework.boot.web.servlet.error.ErrorController' customErrorHandleWebRequest (OnBeanCondition)


Exclusions:
-----------

    None


Unconditional classes:
----------------------

    None



2023-09-02T01:18:34.772+05:30  INFO 23416 --- [SpringApplicationShutdownHook] j.LocalContainerEntityManagerFactoryBean : Closing JPA EntityManagerFactory for persistence unit 'default'
2023-09-02T01:18:34.773+05:30  INFO 23416 --- [SpringApplicationShutdownHook] com.zaxxer.hikari.HikariDataSource       : HikariPool-3 - Shutdown initiated...
2023-09-02T01:18:34.774+05:30  INFO 23416 --- [SpringApplicationShutdownHook] com.zaxxer.hikari.HikariDataSource       : HikariPool-3 - Shutdown completed.
